{
  "RSpec": {
    "coverage": {
      "/home/codesForCake/tic-tac-toe-rb-bootcamp-prep-000/lib/tic_tac_toe.rb": [
        null,
        1,
        null,
        null,
        null,
        null,
        null,
        null,
        null,
        null,
        null,
        1,
        22,
        22,
        22,
        22,
        22,
        null,
        null,
        1,
        21171,
        null,
        null,
        1,
        22,
        22,
        null,
        null,
        1,
        0,
        0,
        null,
        0,
        null,
        null,
        null,
        1,
        21171,
        22,
        null,
        21149,
        null,
        null,
        null,
        1,
        21177,
        21174,
        21171,
        22,
        22,
        null,
        21149,
        21149,
        null,
        null,
        null,
        1,
        44,
        44,
        396,
        98,
        null,
        null,
        44,
        null,
        null,
        1,
        44,
        22,
        null,
        22,
        null,
        null,
        null,
        1,
        50,
        396,
        396,
        396,
        null,
        396,
        396,
        396,
        null,
        396,
        2,
        null,
        394,
        null,
        null,
        null,
        null,
        1,
        16,
        53,
        null,
        null,
        null,
        1,
        16,
        0,
        16,
        1,
        null,
        15,
        null,
        null,
        null,
        1,
        0,
        0,
        null,
        0,
        null,
        null,
        null,
        1,
        0,
        0,
        0,
        0,
        null,
        0,
        null,
        null,
        null,
        null,
        1,
        30,
        22,
        null,
        22,
        3,
        19,
        1,
        null,
        18,
        null,
        null,
        null,
        null,
        1,
        21171,
        null,
        null,
        null,
        null,
        null,
        null,
        null,
        null,
        null,
        null,
        null,
        null
      ]
    },
    "timestamp": 1601077027
  }
}
